<?xml version="1.0" encoding="UTF-8"?>
<testsuite name="Reto101" tests="1" skipped="0" failures="0" errors="0" timestamp="2021-06-24T22:42:32" hostname="CHMEPPF1FRE9W" time="28.428">
  <properties/>
  <testcase name="Verify the completion of the Inline Validation screen." classname="Reto101" time="28.428"/>
  <system-out><![CDATA[]]></system-out>
  <system-err><![CDATA[jun 24, 2021 5:42:33 PM org.openqa.selenium.remote.DesiredCapabilities chrome
INFORMACIÓN: Using `new ChromeOptions()` is preferred to `DesiredCapabilities.chrome()`
Starting ChromeDriver 91.0.4472.19 (1bf021f248676a0b2ab3ee0561d83a59e424c23e-refs/branch-heads/4472@{#288}) on port 40606
Only local connections are allowed.
Please see https://chromedriver.chromium.org/security-considerations for suggestions on keeping ChromeDriver safe.
ChromeDriver was started successfully.
jun 24, 2021 5:42:38 PM org.openqa.selenium.remote.ProtocolHandshake createSession
INFORMACIÓN: Detected dialect: W3C
[Test worker] INFO net.serenitybdd.core.Serenity - 
        __    _____ _____ ____ _____   ____   _    ____  ____  _____ ____  
  _     \ \  |_   _| ____/ ___|_   _| |  _ \ / \  / ___|/ ___|| ____|  _ \ 
 (_)_____| |   | | |  _| \___ \ | |   | |_) / _ \ \___ \\___ \|  _| | | | |
  _|_____| |   | | | |___ ___) || |   |  __/ ___ \ ___) |___) | |___| |_| |
 (_)     | |   |_| |_____|____/ |_|   |_| /_/   \_\____/|____/|_____|____/ 
        /_/                                                                

TEST PASSED: Verify the completion of the Inline Validation screen.
----------------------------------------------------------------------------
]]></system-err>
</testsuite>
